{"/home/nik/projects/frontend-project-46/bin/bubbleSort.js": {"path":"/home/nik/projects/frontend-project-46/bin/bubbleSort.js","statementMap":{"0":{"start":{"line":2,"column":19},"end":{"line":32,"column":1}},"1":{"start":{"line":3,"column":14},"end":{"line":3,"column":15}},"2":{"start":{"line":4,"column":19},"end":{"line":4,"column":33}},"3":{"start":{"line":11,"column":2},"end":{"line":29,"column":20}},"4":{"start":{"line":12,"column":4},"end":{"line":12,"column":20}},"5":{"start":{"line":15,"column":4},"end":{"line":25,"column":5}},"6":{"start":{"line":15,"column":17},"end":{"line":15,"column":18}},"7":{"start":{"line":16,"column":6},"end":{"line":24,"column":7}},"8":{"start":{"line":18,"column":21},"end":{"line":18,"column":25}},"9":{"start":{"line":19,"column":8},"end":{"line":19,"column":28}},"10":{"start":{"line":20,"column":8},"end":{"line":20,"column":26}},"11":{"start":{"line":23,"column":8},"end":{"line":23,"column":23}},"12":{"start":{"line":28,"column":4},"end":{"line":28,"column":20}},"13":{"start":{"line":31,"column":2},"end":{"line":31,"column":13}}},"fnMap":{"0":{"name":"(anonymous_0)","decl":{"start":{"line":2,"column":19},"end":{"line":2,"column":20}},"loc":{"start":{"line":2,"column":26},"end":{"line":32,"column":1}},"line":2}},"branchMap":{"0":{"loc":{"start":{"line":16,"column":6},"end":{"line":24,"column":7}},"type":"if","locations":[{"start":{"line":16,"column":6},"end":{"line":24,"column":7}},{"start":{},"end":{}}],"line":16}},"s":{"0":1,"1":1,"2":1,"3":1,"4":5,"5":5,"6":5,"7":15,"8":6,"9":6,"10":6,"11":6,"12":5,"13":1},"f":{"0":1},"b":{"0":[6,9]},"_coverageSchema":"1a1c01bbd47fc00a2c39e90264f33305004495a9","hash":"5cf6f9afd7194e0ec0e40a5cc0b9353daca2fbe5"}
,"/home/nik/projects/frontend-project-46/src/gendiff.js": {"path":"/home/nik/projects/frontend-project-46/src/gendiff.js","statementMap":{"0":{"start":{"line":7,"column":15},"end":{"line":7,"column":67}},"1":{"start":{"line":10,"column":15},"end":{"line":10,"column":67}},"2":{"start":{"line":13,"column":13},"end":{"line":13,"column":33}},"3":{"start":{"line":14,"column":13},"end":{"line":14,"column":33}},"4":{"start":{"line":17,"column":17},"end":{"line":17,"column":34}},"5":{"start":{"line":18,"column":17},"end":{"line":18,"column":34}},"6":{"start":{"line":20,"column":17},"end":{"line":20,"column":19}},"7":{"start":{"line":21,"column":15},"end":{"line":21,"column":17}},"8":{"start":{"line":25,"column":2},"end":{"line":42,"column":3}},"9":{"start":{"line":27,"column":4},"end":{"line":36,"column":5}},"10":{"start":{"line":29,"column":6},"end":{"line":35,"column":7}},"11":{"start":{"line":30,"column":8},"end":{"line":30,"column":52}},"12":{"start":{"line":31,"column":13},"end":{"line":35,"column":7}},"13":{"start":{"line":33,"column":8},"end":{"line":33,"column":52}},"14":{"start":{"line":34,"column":8},"end":{"line":34,"column":53}},"15":{"start":{"line":39,"column":4},"end":{"line":41,"column":5}},"16":{"start":{"line":40,"column":6},"end":{"line":40,"column":50}},"17":{"start":{"line":47,"column":2},"end":{"line":52,"column":3}},"18":{"start":{"line":49,"column":4},"end":{"line":51,"column":5}},"19":{"start":{"line":50,"column":6},"end":{"line":50,"column":52}},"20":{"start":{"line":55,"column":2},"end":{"line":55,"column":21}},"21":{"start":{"line":59,"column":2},"end":{"line":61,"column":3}},"22":{"start":{"line":60,"column":4},"end":{"line":60,"column":31}},"23":{"start":{"line":62,"column":2},"end":{"line":62,"column":27}},"24":{"start":{"line":64,"column":2},"end":{"line":64,"column":22}},"25":{"start":{"line":65,"column":2},"end":{"line":65,"column":16}}},"fnMap":{"0":{"name":"(anonymous_0)","decl":{"start":{"line":5,"column":15},"end":{"line":5,"column":16}},"loc":{"start":{"line":5,"column":41},"end":{"line":66,"column":1}},"line":5}},"branchMap":{"0":{"loc":{"start":{"line":29,"column":6},"end":{"line":35,"column":7}},"type":"if","locations":[{"start":{"line":29,"column":6},"end":{"line":35,"column":7}},{"start":{"line":31,"column":13},"end":{"line":35,"column":7}}],"line":29},"1":{"loc":{"start":{"line":29,"column":10},"end":{"line":29,"column":62}},"type":"binary-expr","locations":[{"start":{"line":29,"column":10},"end":{"line":29,"column":32}},{"start":{"line":29,"column":36},"end":{"line":29,"column":62}}],"line":29},"2":{"loc":{"start":{"line":31,"column":13},"end":{"line":35,"column":7}},"type":"if","locations":[{"start":{"line":31,"column":13},"end":{"line":35,"column":7}},{"start":{},"end":{}}],"line":31},"3":{"loc":{"start":{"line":31,"column":17},"end":{"line":31,"column":69}},"type":"binary-expr","locations":[{"start":{"line":31,"column":17},"end":{"line":31,"column":39}},{"start":{"line":31,"column":43},"end":{"line":31,"column":69}}],"line":31},"4":{"loc":{"start":{"line":39,"column":4},"end":{"line":41,"column":5}},"type":"if","locations":[{"start":{"line":39,"column":4},"end":{"line":41,"column":5}},{"start":{},"end":{}}],"line":39},"5":{"loc":{"start":{"line":49,"column":4},"end":{"line":51,"column":5}},"type":"if","locations":[{"start":{"line":49,"column":4},"end":{"line":51,"column":5}},{"start":{},"end":{}}],"line":49}},"s":{"0":1,"1":1,"2":1,"3":1,"4":1,"5":1,"6":1,"7":1,"8":1,"9":4,"10":12,"11":1,"12":11,"13":1,"14":1,"15":4,"16":2,"17":1,"18":3,"19":1,"20":1,"21":1,"22":6,"23":1,"24":1,"25":1},"f":{"0":1},"b":{"0":[1,11],"1":[12,2],"2":[1,10],"3":[11,1],"4":[2,2],"5":[1,2]},"_coverageSchema":"1a1c01bbd47fc00a2c39e90264f33305004495a9","hash":"a542eb6157a9f000540a85718d3ed6c8c972b659"}
}
