TN:
SF:bin/bubbleSort.js
FN:2,(anonymous_0)
FNF:1
FNH:1
FNDA:1,(anonymous_0)
DA:2,1
DA:3,1
DA:4,1
DA:11,1
DA:12,5
DA:15,5
DA:16,15
DA:18,6
DA:19,6
DA:20,6
DA:23,6
DA:28,5
DA:31,1
LF:13
LH:13
BRDA:16,0,0,6
BRDA:16,0,1,9
BRF:2
BRH:2
end_of_record
TN:
SF:src/gendiff.js
FN:5,(anonymous_0)
FNF:1
FNH:1
FNDA:1,(anonymous_0)
DA:7,1
DA:10,1
DA:13,1
DA:14,1
DA:17,1
DA:18,1
DA:20,1
DA:21,1
DA:25,1
DA:27,4
DA:29,12
DA:30,1
DA:31,11
DA:33,1
DA:34,1
DA:39,4
DA:40,2
DA:47,1
DA:49,3
DA:50,1
DA:55,1
DA:59,1
DA:60,6
DA:62,1
DA:64,1
DA:65,1
LF:26
LH:26
BRDA:29,0,0,1
BRDA:29,0,1,11
BRDA:29,1,0,12
BRDA:29,1,1,2
BRDA:31,2,0,1
BRDA:31,2,1,10
BRDA:31,3,0,11
BRDA:31,3,1,1
BRDA:39,4,0,2
BRDA:39,4,1,2
BRDA:49,5,0,1
BRDA:49,5,1,2
BRF:12
BRH:12
end_of_record
